<?xml version="1.0" encoding="UTF-8"?>
<testsuite xmlns:xsi="http://www.w3.org/2001/XMLSchema-instance" xsi:noNamespaceSchemaLocation="https://maven.apache.org/surefire/maven-surefire-plugin/xsd/surefire-test-report-3.0.xsd" version="3.0" name="TestSuite" time="88.865" tests="1" errors="0" skipped="0" failures="0">
  <properties>
[...]
</properties>
  <testcase name="verify_search_hotel" classname="com.test.Test" time="13.478">
    <system-out><![CDATA[02-08-2022 13:35:55 TestBase.java INFO  [main] testbase.TestBase 30 - initializing browser
02-08-2022 13:35:55 TestBase.java INFO  [main] testbase.TestBase 32 - chrome browser is initialized
02-08-2022 13:36:21 TestBase.java INFO  [main] testbase.TestBase 43 - browser is maximized
02-08-2022 13:36:39 TestBase.java INFO  [main] testbase.TestBase 46 - load is apply over a browser
02-08-2022 13:36:49 ListnerEx.java INFO  [main] testbase.TestBase 42 - test suite is startedTest
02-08-2022 13:36:49 ListnerEx.java INFO  [main] testbase.TestBase 15 - testcase ready to start with nameverify_search_hotel
Select city Goa 
select checkin and checkout date
select rooms
select no. of room 
select total no. of person
select no. of child
select child age
Enable as expected
room book done
search hotels
]]></system-out>
    <system-err><![CDATA[Starting ChromeDriver 96.0.4664.45 (76e4c1bb2ab4671b8beba3444e61c0f17584b2fc-refs/branch-heads/4664@{#947}) on port 24859
Only local connections are allowed.
Please see https://chromedriver.chromium.org/security-considerations for suggestions on keeping ChromeDriver safe.
ChromeDriver was started successfully.
[1644307576.042][WARNING]: This version of ChromeDriver has not been tested with Chrome version 97.
Feb 08, 2022 1:36:20 PM org.openqa.selenium.remote.ProtocolHandshake createSession
INFO: Detected dialect: W3C
]]></system-err>
  </testcase>
</testsuite>